<?xml version="1.0" encoding="utf-8"?><testsuites name="pytest tests"><testsuite name="pytest" errors="0" failures="0" skipped="0" tests="15" time="6.007" timestamp="2026-05-26T19:19:44.941936+00:00" hostname="agent-env-b8be49f2-0744-4091-99f0-925a6f15a6b6"><testcase classname="backend.tests.test_syncplay.TestRoot" name="test_root_ok" time="0.191" /><testcase classname="backend.tests.test_syncplay.TestRoomsCRUD" name="test_create_room_returns_6digit_code" time="0.115" /><testcase classname="backend.tests.test_syncplay.TestRoomsCRUD" name="test_get_existing_room" time="0.184" /><testcase classname="backend.tests.test_syncplay.TestRoomsCRUD" name="test_get_nonexistent_room_404" time="0.109" /><testcase classname="backend.tests.test_syncplay.TestUpload" name="test_upload_to_missing_room_404" time="0.121" /><testcase classname="backend.tests.test_syncplay.TestUpload" name="test_upload_non_mp3_rejected" time="0.164" /><testcase classname="backend.tests.test_syncplay.TestUpload" name="test_upload_too_big_returns_413" time="0.887" /><testcase classname="backend.tests.test_syncplay.TestUpload" name="test_upload_valid_mp3_and_metadata" time="0.270" /><testcase classname="backend.tests.test_syncplay.TestFileServe" name="test_path_traversal_blocked" time="0.126" /><testcase classname="backend.tests.test_syncplay.TestFileServe" name="test_missing_file_404" time="0.141" /><testcase classname="backend.tests.test_syncplay" name="test_ws_join_and_init" time="0.342" /><testcase classname="backend.tests.test_syncplay" name="test_ws_missing_room_error" time="0.189" /><testcase classname="backend.tests.test_syncplay" name="test_ws_two_clients_sync_chat_volume" time="0.762" /><testcase classname="backend.tests.test_syncplay" name="test_ws_upload_does_not_autoplay_and_play_propagates" time="1.602" /><testcase classname="backend.tests.test_syncplay" name="test_ws_new_client_receives_chat_history" time="0.772" /></testsuite></testsuites>