<?xml version="1.0" encoding="utf-8"?><testsuites name="pytest tests"><testsuite name="pytest" errors="0" failures="1" skipped="0" tests="41" time="16.531" timestamp="2026-05-27T01:54:54.738817+00:00" hostname="agent-env-b8be49f2-0744-4091-99f0-925a6f15a6b6"><testcase classname="backend.tests.test_auth.TestRegister" name="test_register_valid_returns_201_or_200_with_cookies" time="0.459" /><testcase classname="backend.tests.test_auth.TestRegister" name="test_register_duplicate_email_409" time="0.408" /><testcase classname="backend.tests.test_auth.TestRegister" name="test_register_invalid_email_422" time="0.126" /><testcase classname="backend.tests.test_auth.TestRegister" name="test_register_short_password_422" time="0.110" /><testcase classname="backend.tests.test_auth.TestLogin" name="test_login_admin_success" time="0.357" /><testcase classname="backend.tests.test_auth.TestLogin" name="test_login_wrong_password_401" time="0.352" /><testcase classname="backend.tests.test_auth.TestLogin" name="test_login_brute_force_lockout_429" time="0.421"><failure message="AssertionError: Expected lockout after 5 attempts, statuses=[401, 401, 401, 401, 401, 401, 401]&#10;assert 429 in [401, 401, 401, 401, 401, 401, ...]">E   AssertionError: Expected lockout after 5 attempts, statuses=[401, 401, 401, 401, 401, 401, 401]
    assert 429 in [401, 401, 401, 401, 401, 401, ...]</failure></testcase><testcase classname="backend.tests.test_auth.TestMe" name="test_me_without_auth_401" time="0.109" /><testcase classname="backend.tests.test_auth.TestMe" name="test_me_with_cookie_returns_user" time="0.388" /><testcase classname="backend.tests.test_auth.TestMe" name="test_me_with_bearer_token" time="0.486" /><testcase classname="backend.tests.test_auth.TestLogoutAndRefresh" name="test_logout_clears_cookies" time="0.416" /><testcase classname="backend.tests.test_auth.TestLogoutAndRefresh" name="test_refresh_issues_new_access_token" time="0.396" /><testcase classname="backend.tests.test_auth.TestLogoutAndRefresh" name="test_refresh_without_token_401" time="0.141" /><testcase classname="backend.tests.test_queue.TestQueueUpload" name="test_room_state_has_queue_field" time="0.171" /><testcase classname="backend.tests.test_queue.TestQueueUpload" name="test_upload_to_queue_appends_when_current_exists" time="0.304" /><testcase classname="backend.tests.test_queue.TestQueueUpload" name="test_upload_to_queue_without_current_replaces" time="0.214" /><testcase classname="backend.tests.test_queue.TestQueueUpload" name="test_upload_without_to_queue_replaces_current" time="0.277" /><testcase classname="backend.tests.test_queue" name="test_ws_next_track_advances_from_queue" time="0.520" /><testcase classname="backend.tests.test_queue" name="test_ws_next_track_noop_on_empty_queue" time="1.615" /><testcase classname="backend.tests.test_queue" name="test_ws_queue_remove" time="0.501" /><testcase classname="backend.tests.test_syncplay.TestRoot" name="test_root_ok" time="0.193" /><testcase classname="backend.tests.test_syncplay.TestRoomsCRUD" name="test_create_room_returns_6digit_code" time="0.130" /><testcase classname="backend.tests.test_syncplay.TestRoomsCRUD" name="test_get_existing_room" time="0.165" /><testcase classname="backend.tests.test_syncplay.TestRoomsCRUD" name="test_get_nonexistent_room_404" time="0.115" /><testcase classname="backend.tests.test_syncplay.TestUpload" name="test_upload_to_missing_room_404" time="0.109" /><testcase classname="backend.tests.test_syncplay.TestUpload" name="test_upload_non_mp3_rejected" time="0.157" /><testcase classname="backend.tests.test_syncplay.TestUpload" name="test_upload_too_big_returns_413" time="0.922" /><testcase classname="backend.tests.test_syncplay.TestUpload" name="test_upload_valid_mp3_and_metadata" time="0.295" /><testcase classname="backend.tests.test_syncplay.TestFileServe" name="test_path_traversal_blocked" time="1.386" /><testcase classname="backend.tests.test_syncplay.TestFileServe" name="test_missing_file_404" time="0.164" /><testcase classname="backend.tests.test_syncplay.TestRangeRequests" name="test_no_range_returns_200_with_accept_ranges" time="0.223" /><testcase classname="backend.tests.test_syncplay.TestRangeRequests" name="test_range_bytes_0_99_returns_206" time="0.221" /><testcase classname="backend.tests.test_syncplay.TestRangeRequests" name="test_range_bytes_200_499_returns_206_300_bytes" time="0.219" /><testcase classname="backend.tests.test_syncplay.TestRangeRequests" name="test_range_open_ended_uses_file_size_minus_1" time="0.270" /><testcase classname="backend.tests.test_syncplay.TestRangeRequests" name="test_malformed_range_returns_416" time="0.299" /><testcase classname="backend.tests.test_syncplay.TestRangeRequests" name="test_invalid_range_unit_returns_416" time="0.216" /><testcase classname="backend.tests.test_syncplay" name="test_ws_join_and_init" time="0.323" /><testcase classname="backend.tests.test_syncplay" name="test_ws_missing_room_error" time="0.243" /><testcase classname="backend.tests.test_syncplay" name="test_ws_two_clients_sync_chat_volume" time="0.848" /><testcase classname="backend.tests.test_syncplay" name="test_ws_upload_does_not_autoplay_and_play_propagates" time="1.595" /><testcase classname="backend.tests.test_syncplay" name="test_ws_new_client_receives_chat_history" time="0.556" /></testsuite></testsuites>